<?xml version="1.0" encoding="UTF-8"?>
<testng-results ignored="0" total="1" passed="1" failed="0" skipped="0">
  <reporter-output>
  </reporter-output>
  <suite started-at="2023-10-14T21:40:05 CDT" name="Surefire suite" finished-at="2023-10-14T21:40:09 CDT" duration-ms="4592">
    <groups>
    </groups>
    <test started-at="2023-10-14T21:40:05 CDT" name="Surefire test" finished-at="2023-10-14T21:40:09 CDT" duration-ms="4592">
      <class name="test.LoginTest">
        <test-method signature="validUserShouldBeAbleToLogin()[pri:0, instance:test.LoginTest@7c1e2a9e]" started-at="2023-10-14T21:40:05 CDT" name="validUserShouldBeAbleToLogin" finished-at="2023-10-14T21:40:09 CDT" duration-ms="4555" status="PASS">
          <reporter-output>
          </reporter-output>
        </test-method> <!-- validUserShouldBeAbleToLogin -->
      </class> <!-- test.LoginTest -->
    </test> <!-- Surefire test -->
  </suite> <!-- Surefire suite -->
</testng-results>
