<?xml version="1.0" encoding="UTF-8"?>
<testng-results ignored="0" total="1" passed="1" failed="0" skipped="0">
  <reporter-output>
  </reporter-output>
  <suite started-at="2023-10-14T23:22:12 CDT" name="Default suite" finished-at="2023-10-14T23:22:22 CDT" duration-ms="9396">
    <groups>
    </groups>
    <test started-at="2023-10-14T23:22:12 CDT" name="Default test" finished-at="2023-10-14T23:22:22 CDT" duration-ms="9396">
      <class name="test.AddCustomerTest">
        <test-method signature="validCustomerShouldBeAbleToCreateCustomer()[pri:0, instance:test.AddCustomerTest@58d75e99]" started-at="2023-10-14T23:22:13 CDT" name="validCustomerShouldBeAbleToCreateCustomer" finished-at="2023-10-14T23:22:22 CDT" duration-ms="9353" status="PASS">
          <reporter-output>
          </reporter-output>
        </test-method> <!-- validCustomerShouldBeAbleToCreateCustomer -->
      </class> <!-- test.AddCustomerTest -->
    </test> <!-- Default test -->
  </suite> <!-- Default suite -->
</testng-results>
